Arguments: 
  /home/user/.nvm/versions/node/v10.13.0/bin/node /usr/share/yarn/bin/yarn.js add @vue-cli

PATH: 
  /home/user/.nvm/versions/node/v10.13.0/bin:/home/user/bin:/usr/local/sbin:/usr/local/bin:/usr/sbin:/usr/bin:/sbin:/bin:/usr/games:/usr/local/games:/usr/lib/gmt/bin:/opt/rasdaman//bin:/opt/yarn-[version]/bin

Yarn version: 
  1.15.2

Node version: 
  10.13.0

Platform: 
  linux x64

Trace: 
  Error: https://registry.yarnpkg.com/@vue-cli: Request "https://registry.yarnpkg.com/@vue-cli" returned a 405
      at Request.params.callback [as _callback] (/usr/share/yarn/lib/cli.js:66067:18)
      at Request.self.callback (/usr/share/yarn/lib/cli.js:129541:22)
      at Request.emit (events.js:182:13)
      at Request.<anonymous> (/usr/share/yarn/lib/cli.js:130513:10)
      at Request.emit (events.js:182:13)
      at IncomingMessage.<anonymous> (/usr/share/yarn/lib/cli.js:130435:12)
      at Object.onceWrapper (events.js:273:13)
      at IncomingMessage.emit (events.js:187:15)
      at endReadableNT (_stream_readable.js:1094:12)
      at process._tickCallback (internal/process/next_tick.js:63:19)

npm manifest: 
  {
    "name": "vue-leaflet-express-boilerplate",
    "version": "0.0.1",
    "description": "Web app starter using Vue, Leaflet, and Express",
    "main": "index.js",
    "scripts": {
      "cypress": "cypress open",
      "cypress:headless": "cypress run",
      "integration": "jest --bail --detectOpenHandles --runInBand --verbose __tests__integration__/",
      "start": "node app.js"
    },
    "author": "Tree Casiano",
    "license": "ISC",
    "dependencies": {
      "args": "^5.0.0",
      "axios": "^0.18.0",
      "body-parser": "^1.18.3",
      "config": "^2.0.2",
      "cookie-parser": "^1.4.3",
      "express": "^4.16.3",
      "express-openapi": "^2.0.4",
      "got": "^9.2.1",
      "pg-promise": "^8.6.4"
    },
    "devDependencies": {
      "cypress": "^3.1.5",
      "jest": "^24.0.0"
    },
    "jest": {
      "testEnvironment": "node",
      "testPathIgnorePatterns": [
        "/node_modules/",
        "/bower_components/",
        "/test/e2e/",
        "/cypress/"
      ]
    }
  }

yarn manifest: 
  No manifest

Lockfile: 
  No lockfile
